<?xml version="1.0" encoding="UTF-8"?>
<!-- Generated by org.testng.reporters.JUnitXMLReporter -->
<testsuite ignored="0" hostname="DESKTOP-7FEKK0Q" failures="0" tests="0" time="0.008" errors="0" timestamp="2021-12-17T16:20:54 EET">
  <testcase classname="extentReport.ExtentReport" name="@BeforeTest startReport" time="-1.639750854961E9">
    <failure type="org.testng.TestNGException" message="
Parameter &amp;apos;OS&amp;apos; is required by BeforeTest on method startReport but has not been marked @Optional or defined
in C:\Java P\Framework\testng.xml">
      <![CDATA[org.testng.TestNGException: 
Parameter 'OS' is required by BeforeTest on method startReport but has not been marked @Optional or defined
in C:\Java P\Framework\testng.xml
... Removed 21 stack frames]]>
    </failure>
  </testcase> <!-- @BeforeTest startReport -->
  <testcase classname="extentReport.ExtentReport" name="@AfterTest tearDown" time="-1.639750854966E9">
    <skipped/>
  </testcase> <!-- @AfterTest tearDown -->
</testsuite>
