<?xml version="1.0" encoding="UTF-8"?>
<!-- Generated by org.testng.reporters.JUnitReportReporter -->
<testsuite hostname="DESKTOP-7FEKK0Q" failures="0" tests="13" name="base.EditProfileTest" time="7.180" errors="1" timestamp="2021-12-08T14:18:29 EET" skipped="12">
  <testcase classname="base.EditProfileTest" name="openProfilePage" time="7.180">
    <error message="Unable to find element with locator By.xpath: //a[contains(text(),&#039;SIGN&#039;)]
For documentation on this error, please visit: https://selenium.dev/exceptions/#no_such_element
Build info: version: &#039;4.0.0-beta-3&#039;, revision: &#039;5d108f9a67&#039;
System info: host: &#039;DESKTOP-7FEKK0Q&#039;, ip: &#039;172.27.224.1&#039;, os.name: &#039;Windows 10&#039;, os.arch: &#039;amd64&#039;, os.version: &#039;10.0&#039;, java.version: &#039;16.0.1&#039;
Driver info: driver.version: RemoteWebDriver" type="org.openqa.selenium.NoSuchElementException">
      <![CDATA[org.openqa.selenium.NoSuchElementException: Unable to find element with locator By.xpath: //a[contains(text(),'SIGN')]
For documentation on this error, please visit: https://selenium.dev/exceptions/#no_such_element
Build info: version: '4.0.0-beta-3', revision: '5d108f9a67'
System info: host: 'DESKTOP-7FEKK0Q', ip: '172.27.224.1', os.name: 'Windows 10', os.arch: 'amd64', os.version: '10.0', java.version: '16.0.1'
Driver info: driver.version: RemoteWebDriver
at org.openqa.selenium.remote.RemoteWebDriver$Mechanism$2.findElement(RemoteWebDriver.java:1261)
at org.openqa.selenium.remote.RemoteWebDriver.findElement(RemoteWebDriver.java:386)
at org.openqa.selenium.remote.RemoteWebDriver.findElement(RemoteWebDriver.java:380)
at org.openqa.selenium.support.pagefactory.DefaultElementLocator.findElement(DefaultElementLocator.java:70)
at org.openqa.selenium.support.pagefactory.internal.LocatingElementHandler.invoke(LocatingElementHandler.java:39)
at jdk.proxy2/jdk.proxy2.$Proxy18.click(Unknown Source)
at Pages.WelcomePage.clickSignInBtn(WelcomePage.java:34)
at base.EditProfileTest.openProfilePage(EditProfileTest.java:21)
at java.base/jdk.internal.reflect.NativeMethodAccessorImpl.invoke0(Native Method)
at java.base/jdk.internal.reflect.NativeMethodAccessorImpl.invoke(NativeMethodAccessorImpl.java:78)
at java.base/jdk.internal.reflect.DelegatingMethodAccessorImpl.invoke(DelegatingMethodAccessorImpl.java:43)
at java.base/java.lang.reflect.Method.invoke(Method.java:567)
at org.testng.internal.MethodInvocationHelper.invokeMethod(MethodInvocationHelper.java:133)
at org.testng.internal.MethodInvocationHelper.invokeMethodConsideringTimeout(MethodInvocationHelper.java:62)
at org.testng.internal.ConfigInvoker.invokeConfigurationMethod(ConfigInvoker.java:385)
at org.testng.internal.ConfigInvoker.invokeConfigurations(ConfigInvoker.java:321)
at org.testng.TestRunner.invokeTestConfigurations(TestRunner.java:637)
at org.testng.TestRunner.beforeRun(TestRunner.java:627)
at org.testng.TestRunner.run(TestRunner.java:589)
at org.testng.SuiteRunner.runTest(SuiteRunner.java:377)
at org.testng.SuiteRunner.runSequentially(SuiteRunner.java:371)
at org.testng.SuiteRunner.privateRun(SuiteRunner.java:332)
at org.testng.SuiteRunner.run(SuiteRunner.java:276)
at org.testng.SuiteRunnerWorker.runSuite(SuiteRunnerWorker.java:53)
at org.testng.SuiteRunnerWorker.run(SuiteRunnerWorker.java:96)
at org.testng.TestNG.runSuitesSequentially(TestNG.java:1212)
at org.testng.TestNG.runSuitesLocally(TestNG.java:1134)
at org.testng.TestNG.runSuites(TestNG.java:1063)
at org.testng.TestNG.run(TestNG.java:1031)
at org.testng.remote.AbstractRemoteTestNG.run(AbstractRemoteTestNG.java:115)
at org.testng.remote.RemoteTestNG.initAndRun(RemoteTestNG.java:251)
at org.testng.remote.RemoteTestNG.main(RemoteTestNG.java:77)
]]>
    </error>
  </testcase> <!-- openProfilePage -->
  <system-out/>
  <testcase classname="base.EditProfileTest" name="assertPageNavigated" time="0.000">
    <skipped/>
  </testcase> <!-- assertPageNavigated -->
  <system-out/>
  <testcase classname="base.EditProfileTest" name="birthDayFuture" time="0.000">
    <skipped/>
  </testcase> <!-- birthDayFuture -->
  <system-out/>
  <testcase classname="base.EditProfileTest" name="changeProfession" time="0.000">
    <skipped/>
  </testcase> <!-- changeProfession -->
  <system-out/>
  <testcase classname="base.EditProfileTest" name="threeLetterLasttName" time="0.000">
    <skipped/>
  </testcase> <!-- threeLetterLasttName -->
  <system-out/>
  <testcase classname="base.EditProfileTest" name="threeLetterFirstName" time="0.000">
    <skipped/>
  </testcase> <!-- threeLetterFirstName -->
  <system-out/>
  <testcase classname="base.EditProfileTest" name="nonLeapYear" time="0.000">
    <skipped/>
  </testcase> <!-- nonLeapYear -->
  <system-out/>
  <testcase classname="base.EditProfileTest" name="updateServices" time="0.000">
    <skipped/>
  </testcase> <!-- updateServices -->
  <system-out/>
  <testcase classname="base.EditProfileTest" name="longFirstName" time="0.000">
    <skipped/>
  </testcase> <!-- longFirstName -->
  <system-out/>
  <testcase classname="base.EditProfileTest" name="editProfile" time="0.000">
    <skipped/>
  </testcase> <!-- editProfile -->
  <system-out/>
  <testcase classname="base.EditProfileTest" name="invalidAveilability" time="0.000">
    <skipped/>
  </testcase> <!-- invalidAveilability -->
  <system-out/>
  <testcase classname="base.EditProfileTest" name="uploadPhoto" time="0.000">
    <skipped/>
  </testcase> <!-- uploadPhoto -->
  <system-out/>
  <testcase classname="base.EditProfileTest" name="uploadPrivatePhoto" time="0.000">
    <skipped/>
  </testcase> <!-- uploadPrivatePhoto -->
  <system-out/>
</testsuite> <!-- base.EditProfileTest -->
